16:08:48.872 [main] INFO  TestData.TC_01_ExtractTwoCourses - ---------Starting the TC_01_ExtractTwoCourses----------
16:08:48.876 [main] INFO  TestData.TC_01_ExtractTwoCourses - *Opening the Home Page of Coursera*
16:08:53.515 [main] INFO  TestData.TC_01_ExtractTwoCourses - Searching the WebDevelopment Courses...
16:08:53.997 [main] INFO  TestData.TC_01_ExtractTwoCourses - Click the English ChechBox...
16:08:54.158 [main] INFO  TestData.TC_01_ExtractTwoCourses - Click the biginner checkbox...
16:08:55.881 [main] INFO  TestData.TC_01_ExtractTwoCourses - Extracting all the Courses Names...
16:08:55.889 [main] INFO  TestData.TC_01_ExtractTwoCourses - Extracting the Time duration for every Courses...
16:08:55.889 [main] INFO  TestData.TC_01_ExtractTwoCourses - Extracting all the ratings for every Courses...
16:08:57.284 [main] INFO  TestData.TC_01_ExtractTwoCourses - Inserting all the extracted values into the Excel file...
16:08:57.660 [main] INFO  TestData.TC_01_ExtractTwoCourses - --------- Ending of the TC_01_ExtractTwoCourses ----------
16:09:05.959 [main] INFO  TestData.TC_02_ExtractLanguageAndLevels - ---------Starting the TC_02_ExtractLanguageAndLevels----------
16:09:05.959 [main] INFO  TestData.TC_02_ExtractLanguageAndLevels - *Opening the Home Page of Coursera*
16:09:11.899 [main] INFO  TestData.TC_02_ExtractLanguageAndLevels - Clicking the Search button...
16:09:12.316 [main] INFO  TestData.TC_02_ExtractLanguageAndLevels - Click the language learning button...
16:09:14.230 [main] INFO  TestData.TC_02_ExtractLanguageAndLevels - Capturing all the Languages visible...
16:09:16.391 [main] INFO  TestData.TC_02_ExtractLanguageAndLevels - Passing all the languages into the excel sheet...
16:09:16.636 [main] INFO  TestData.TC_02_ExtractLanguageAndLevels - Capturing all the Levels available...
16:09:17.207 [main] INFO  TestData.TC_02_ExtractLanguageAndLevels - Passing all the values into the Excel sheet...
16:09:17.207 [main] INFO  TestData.TC_02_ExtractLanguageAndLevels - ---------Ending of the TC_02_ExtractLanguageAndLevels----------
16:09:28.394 [main] INFO  TestData.TC_03_FormValidation - ---------Starting the TC_03_FormValidation----------
16:09:28.395 [main] INFO  TestData.TC_03_FormValidation - *Opening the Home Page of Coursera*
16:10:03.835 [main] INFO  TestData.TC_03_FormValidation - Click the For Enterprice button...
16:10:03.964 [main] INFO  TestData.TC_03_FormValidation - Click the Solution button...
16:10:37.759 [main] INFO  TestData.TC_03_FormValidation - Click for the Courses for Camous Link...
16:10:39.828 [main] INFO  TestData.TC_03_FormValidation - Starting the form validation...
16:10:57.121 [main] INFO  TestData.TC_03_FormValidation - Validation with values at row : 1
16:11:13.655 [main] INFO  TestData.TC_03_FormValidation - Validation with values at row : 2
16:11:29.914 [main] INFO  TestData.TC_03_FormValidation - Validation with values at row : 3
16:11:46.297 [main] INFO  TestData.TC_03_FormValidation - Validation with values at row : 4
16:12:02.514 [main] INFO  TestData.TC_03_FormValidation - Validation with values at row : 5
16:12:19.000 [main] INFO  TestData.TC_03_FormValidation - Validation with values at row : 6
16:12:35.679 [main] INFO  TestData.TC_03_FormValidation - Validation with values at row : 7
16:12:51.776 [main] INFO  TestData.TC_03_FormValidation - Validation with values at row : 8
16:13:07.005 [main] INFO  TestData.TC_03_FormValidation - Validation with values at row : 9
16:13:20.553 [main] INFO  TestData.TC_03_FormValidation - Validation with values at row : 10
16:13:35.916 [main] INFO  TestData.TC_03_FormValidation - Validation with values at row : 11
16:13:35.917 [main] INFO  TestData.TC_03_FormValidation - Ending of the form validation.
16:13:35.917 [main] INFO  TestData.TC_03_FormValidation - ---------Ending of the TC_03_FormValidation----------
